[debug] [2021-04-17T12:07:24.705Z] ----------------------------------------------------------------------
[debug] [2021-04-17T12:07:24.712Z] Command:       C:\Program Files\nodejs\node.exe C:\Users\TASIF\AppData\Roaming\npm\node_modules\firebase-tools\lib\bin\firebase.js deploy
[debug] [2021-04-17T12:07:24.713Z] CLI Version:   9.10.0
[debug] [2021-04-17T12:07:24.713Z] Platform:      win32
[debug] [2021-04-17T12:07:24.714Z] Node Version:  v15.12.0
[debug] [2021-04-17T12:07:24.718Z] Time:          Sat Apr 17 2021 18:07:24 GMT+0600 (Bangladesh Standard Time)
[debug] [2021-04-17T12:07:24.719Z] ----------------------------------------------------------------------
[debug] 
[debug] [2021-04-17T12:07:24.743Z] > command requires scopes: ["email","openid","https://www.googleapis.com/auth/cloudplatformprojects.readonly","https://www.googleapis.com/auth/firebase","https://www.googleapis.com/auth/cloud-platform"]
[debug] [2021-04-17T12:07:24.743Z] > authorizing via signed-in user (mdtasib442@gmail.com)
[debug] [2021-04-17T12:07:24.744Z] [iam] checking project doctors-portal-1d5aa for permissions ["firebase.projects.get","firebasehosting.sites.update"]
[debug] [2021-04-17T12:07:24.749Z] >>> HTTP REQUEST POST https://cloudresourcemanager.googleapis.com/v1/projects/doctors-portal-1d5aa:testIamPermissions  
 {"permissions":["firebase.projects.get","firebasehosting.sites.update"]}
[debug] [2021-04-17T12:07:35.952Z] [iam] error while checking permissions, command may fail: FirebaseError: Server Error. getaddrinfo ENOTFOUND cloudresourcemanager.googleapis.com
[debug] [2021-04-17T12:07:35.965Z] > refreshing access token with scopes: []
[debug] [2021-04-17T12:07:35.967Z] >>> HTTP REQUEST POST https://www.googleapis.com/oauth2/v3/token  
 <request body omitted>
[debug] [2021-04-17T12:07:57.094Z] Authentication Error: Your credentials are no longer valid. Please run firebase login --reauth

For CI servers and headless environments, generate a new token with firebase login:ci
[debug] [2021-04-17T12:07:57.374Z] FirebaseError: Authentication Error: Your credentials are no longer valid. Please run firebase login --reauth

For CI servers and headless environments, generate a new token with firebase login:ci
    at invalidCredentialError (C:\Users\TASIF\AppData\Roaming\npm\node_modules\firebase-tools\lib\auth.js:141:12)
    at refreshTokens (C:\Users\TASIF\AppData\Roaming\npm\node_modules\firebase-tools\lib\auth.js:450:15)
    at processTicksAndRejections (node:internal/process/task_queues:94:5)
    at async Client.getAccessToken (C:\Users\TASIF\AppData\Roaming\npm\node_modules\firebase-tools\lib\apiv2.js:144:23)
    at async Client.addAuthHeader (C:\Users\TASIF\AppData\Roaming\npm\node_modules\firebase-tools\lib\apiv2.js:135:21)
    at async Client.request (C:\Users\TASIF\AppData\Roaming\npm\node_modules\firebase-tools\lib\apiv2.js:93:34)
    at async Object.getFirebaseProject (C:\Users\TASIF\AppData\Roaming\npm\node_modules\firebase-tools\lib\management\projects.js:290:21)
    at async Object.getDefaultHostingSite (C:\Users\TASIF\AppData\Roaming\npm\node_modules\firebase-tools\lib\getDefaultHostingSite.js:8:21)
    at async requireHostingSite (C:\Users\TASIF\AppData\Roaming\npm\node_modules\firebase-tools\lib\requireHostingSite.js:9:18)
    at async Object.fn (C:\Users\TASIF\AppData\Roaming\npm\node_modules\firebase-tools\lib\commands\deploy.js:66:9)
    at async C:\Users\TASIF\AppData\Roaming\npm\node_modules\firebase-tools\lib\command.js:169:17
[error] 
[error] Error: Failed to get Firebase project doctors-portal-1d5aa. Please make sure the project exists and your account has permission to access it.
